<?xml version="1.0" encoding="UTF-8"?>
<testsuite xmlns:xsi="http://www.w3.org/2001/XMLSchema-instance" xsi:noNamespaceSchemaLocation="https://maven.apache.org/surefire/maven-surefire-plugin/xsd/surefire-test-report.xsd" name="me.test.sample.SampleControllerTest" time="13.58" tests="2" errors="0" skipped="0" failures="0">
  <properties>
[...]
</properties>
  <testcase name="hello2" classname="me.test.sample.SampleControllerTest" time="0.978"/>
  <testcase name="hello" classname="me.test.sample.SampleControllerTest" time="0.124"/>
</testsuite>